--
-- Nested loop join with index scan on CO table, test for MPP-17658
--
create schema co_nestloop_idxscan;
create table co_nestloop_idxscan.foo (id bigint, data text) with (appendonly=true, orientation=column)
distributed by (id);
create table co_nestloop_idxscan.bar (id bigint) distributed by (id);
-- Changing the text to be smaller doesn't repro the issue
insert into co_nestloop_idxscan.foo select 1, repeat('xxxxxxxxxx', 100000);
insert into co_nestloop_idxscan.bar values (1);
create index foo_id_idx on co_nestloop_idxscan.foo(id);
-- test with hash join
explain select f.id from co_nestloop_idxscan.foo f, co_nestloop_idxscan.bar b where f.id = b.id;
                                 QUERY PLAN                                  
-----------------------------------------------------------------------------
 Gather Motion 3:1  (slice1; segments: 3)  (cost=1.02..32.07 rows=2 width=8)
   ->  Hash Join  (cost=1.02..32.07 rows=2 width=8)
         Hash Cond: f.id = b.id
         ->  Seq Scan on foo f  (cost=0.00..31.01 rows=1 width=8)
         ->  Hash  (cost=1.01..1.01 rows=1 width=8)
               ->  Seq Scan on bar b  (cost=0.00..1.01 rows=1 width=8)
(6 rows)

select f.id from co_nestloop_idxscan.foo f, co_nestloop_idxscan.bar b where f.id = b.id;
 id 
----
  1
(1 row)

-- test with nested loop join
set optimizer_enable_hashjoin = off;
set enable_hashjoin=off;
set enable_nestloop=on;
explain select f.id from co_nestloop_idxscan.foo f, co_nestloop_idxscan.bar b where f.id = b.id;
                                 QUERY PLAN                                  
-----------------------------------------------------------------------------
 Gather Motion 3:1  (slice1; segments: 3)  (cost=0.00..32.03 rows=2 width=8)
   ->  Nested Loop  (cost=0.00..32.03 rows=2 width=8)
         Join Filter: f.id = b.id
         ->  Seq Scan on foo f  (cost=0.00..31.01 rows=1 width=8)
         ->  Seq Scan on bar b  (cost=0.00..1.01 rows=1 width=8)
 Settings:  enable_hashjoin=off
(6 rows)

select f.id from co_nestloop_idxscan.foo f, co_nestloop_idxscan.bar b where f.id = b.id;
 id 
----
  1
(1 row)

-- test with nested loop join and index scan
set enable_seqscan = off;
-- start_ignore
-- Known_opt_diff: OPT-929
-- end_ignore
explain select f.id from co_nestloop_idxscan.bar b, co_nestloop_idxscan.foo f where f.id = b.id;
                                           QUERY PLAN                                           
------------------------------------------------------------------------------------------------
 Gather Motion 3:1  (slice1; segments: 3)  (cost=20000000100.36..20000000201.39 rows=4 width=8)
   ->  Nested Loop  (cost=20000000100.36..20000000201.39 rows=2 width=8)
         Join Filter: f.id = b.id
         ->  Seq Scan on bar b  (cost=10000000000.00..10000000001.01 rows=1 width=8)
         ->  Bitmap Heap Scan on foo f  (cost=100.36..200.37 rows=1 width=8)
               Recheck Cond: f.id = b.id
               ->  Bitmap Index Scan on foo_id_idx  (cost=0.00..100.36 rows=1 width=0)
                     Index Cond: f.id = b.id
 Settings:  enable_hashjoin=off; enable_seqscan=off; optimizer=off
 Optimizer status: Postgres query optimizer
(10 rows)

select f.id from co_nestloop_idxscan.foo f, co_nestloop_idxscan.bar b where f.id = b.id;
 id 
----
  1
(1 row)

set optimizer_enable_hashjoin = on;
drop schema co_nestloop_idxscan cascade;
NOTICE:  drop cascades to 2 other objects
DETAIL:  drop cascades to append only columnar table co_nestloop_idxscan.foo
drop cascades to table co_nestloop_idxscan.bar
